{
  "RSpec": {
    "coverage": {
      "/Users/a17203/turing/enigma_project/lib/enigma.rb": {
        "lines": [
          1,
          1,
          1,
          null,
          1,
          1,
          1,
          1,
          1,
          3,
          null,
          null,
          1,
          null,
          3,
          null,
          null,
          null,
          null,
          null,
          1,
          null,
          1,
          null,
          null,
          null,
          null,
          null
        ]
      },
      "/Users/a17203/turing/enigma_project/spec/enigma_spec.rb": {
        "lines": [
          1,
          1,
          1,
          1,
          1,
          4,
          1,
          1,
          null,
          null,
          1,
          1,
          1,
          1,
          null,
          null,
          1,
          1,
          null,
          null
        ]
      }
    },
    "timestamp": 1636830774
  }
}
